2020-05-31 18:41:33.420 | restartedMain | INFO  | com.hitenine.Twitter01Application : Starting Twitter01Application on Hitenine with PID 3480 (D:\IdeaProjects\twitter01\target\classes started by Hitenine in D:\IdeaProjects\twitter01)
2020-05-31 18:41:33.422 | restartedMain | INFO  | com.hitenine.Twitter01Application : The following profiles are active: dev
2020-05-31 18:41:36.265 | restartedMain | INFO  | org.apache.coyote.http11.Http11NioProtocol : Initializing ProtocolHandler ["http-nio-8081"]
2020-05-31 18:41:36.266 | restartedMain | INFO  | org.apache.catalina.core.StandardService : Starting service [Tomcat]
2020-05-31 18:41:36.266 | restartedMain | INFO  | org.apache.catalina.core.StandardEngine : Starting Servlet engine: [Apache Tomcat/9.0.35]
2020-05-31 18:41:36.395 | restartedMain | INFO  | o.a.c.core.ContainerBase.[Tomcat].[localhost].[/] : Initializing Spring embedded WebApplicationContext
2020-05-31 18:41:37.170 | restartedMain | INFO  | s.d.s.w.PropertySourcedRequestMappingHandlerMapping : Mapped URL path [/v2/api-docs] onto method [springfox.documentation.swagger2.web.Swagger2Controller#getDocumentation(String, HttpServletRequest)]
2020-05-31 18:41:40.125 | restartedMain | INFO  | org.apache.coyote.http11.Http11NioProtocol : Starting ProtocolHandler ["http-nio-8081"]
2020-05-31 18:41:40.149 | restartedMain | INFO  | s.d.s.web.plugins.DocumentationPluginsBootstrapper : Context refreshed
2020-05-31 18:41:40.181 | restartedMain | INFO  | s.d.s.web.plugins.DocumentationPluginsBootstrapper : Found 1 custom documentation plugin(s)
2020-05-31 18:41:40.248 | restartedMain | INFO  | s.d.spring.web.scanners.ApiListingReferenceScanner : Scanning for api listing references
2020-05-31 18:41:40.477 | restartedMain | INFO  | com.hitenine.Twitter01Application : Started Twitter01Application in 7.574 seconds (JVM running for 9.262)
2020-05-31 18:42:12.353 | http-nio-8081-exec-1 | INFO  | o.a.c.core.ContainerBase.[Tomcat].[localhost].[/] : Initializing Spring DispatcherServlet 'dispatcherServlet'
2020-05-31 18:42:12.375 | http-nio-8081-exec-1 | INFO  | o.a.s.session.mgt.AbstractValidatingSessionManager : Enabling session validation scheduler...
2020-05-31 18:42:12.904 | http-nio-8081-exec-1 | INFO  | com.alibaba.druid.pool.DruidDataSource : {dataSource-1} inited
2020-05-31 19:04:35.520 | Thread-216 | INFO  | com.alibaba.druid.pool.DruidDataSource : {dataSource-1} closing ...
2020-05-31 19:04:35.525 | Thread-216 | INFO  | com.alibaba.druid.pool.DruidDataSource : {dataSource-1} closed
2020-05-31 19:04:35.848 | restartedMain | INFO  | com.hitenine.Twitter01Application : Starting Twitter01Application on Hitenine with PID 3480 (D:\IdeaProjects\twitter01\target\classes started by Hitenine in D:\IdeaProjects\twitter01)
2020-05-31 19:04:35.848 | restartedMain | INFO  | com.hitenine.Twitter01Application : The following profiles are active: dev
2020-05-31 19:04:36.496 | restartedMain | INFO  | com.alibaba.druid.pool.DruidDataSource : {dataSource-0} closing ...
2020-05-31 19:04:38.996 | restartedMain | INFO  | com.hitenine.Twitter01Application : Starting Twitter01Application on Hitenine with PID 3480 (D:\IdeaProjects\twitter01\target\classes started by Hitenine in D:\IdeaProjects\twitter01)
2020-05-31 19:04:38.996 | restartedMain | INFO  | com.hitenine.Twitter01Application : The following profiles are active: dev
2020-05-31 19:04:39.675 | restartedMain | INFO  | com.alibaba.druid.pool.DruidDataSource : {dataSource-0} closing ...
2020-05-31 19:05:52.606 | restartedMain | INFO  | com.hitenine.Twitter01Application : Starting Twitter01Application on Hitenine with PID 3480 (D:\IdeaProjects\twitter01\target\classes started by Hitenine in D:\IdeaProjects\twitter01)
2020-05-31 19:05:52.606 | restartedMain | INFO  | com.hitenine.Twitter01Application : The following profiles are active: dev
2020-05-31 19:05:55.727 | restartedMain | INFO  | com.hitenine.Twitter01Application : Starting Twitter01Application on Hitenine with PID 3480 (D:\IdeaProjects\twitter01\target\classes started by Hitenine in D:\IdeaProjects\twitter01)
2020-05-31 19:05:55.727 | restartedMain | INFO  | com.hitenine.Twitter01Application : The following profiles are active: dev
2020-05-31 19:06:11.857 | restartedMain | INFO  | com.hitenine.Twitter01Application : Starting Twitter01Application on Hitenine with PID 3480 (D:\IdeaProjects\twitter01\target\classes started by Hitenine in D:\IdeaProjects\twitter01)
2020-05-31 19:06:11.857 | restartedMain | INFO  | com.hitenine.Twitter01Application : The following profiles are active: dev
2020-05-31 19:06:12.727 | restartedMain | INFO  | org.apache.coyote.http11.Http11NioProtocol : Initializing ProtocolHandler ["http-nio-8081"]
2020-05-31 19:06:12.727 | restartedMain | INFO  | org.apache.catalina.core.StandardService : Starting service [Tomcat]
2020-05-31 19:06:12.727 | restartedMain | INFO  | org.apache.catalina.core.StandardEngine : Starting Servlet engine: [Apache Tomcat/9.0.35]
2020-05-31 19:06:12.747 | restartedMain | INFO  | o.a.c.core.ContainerBase.[Tomcat].[localhost].[/] : Initializing Spring embedded WebApplicationContext
2020-05-31 19:06:12.851 | restartedMain | INFO  | s.d.s.w.PropertySourcedRequestMappingHandlerMapping : Mapped URL path [/v2/api-docs] onto method [springfox.documentation.swagger2.web.Swagger2Controller#getDocumentation(String, HttpServletRequest)]
2020-05-31 19:06:15.016 | restartedMain | INFO  | org.apache.coyote.http11.Http11NioProtocol : Starting ProtocolHandler ["http-nio-8081"]
2020-05-31 19:06:15.019 | restartedMain | INFO  | s.d.s.web.plugins.DocumentationPluginsBootstrapper : Context refreshed
2020-05-31 19:06:15.020 | restartedMain | INFO  | s.d.s.web.plugins.DocumentationPluginsBootstrapper : Found 1 custom documentation plugin(s)
2020-05-31 19:06:15.024 | restartedMain | INFO  | s.d.spring.web.scanners.ApiListingReferenceScanner : Scanning for api listing references
2020-05-31 19:06:15.045 | restartedMain | INFO  | com.hitenine.Twitter01Application : Started Twitter01Application in 3.233 seconds (JVM running for 1483.831)
2020-05-31 19:06:18.992 | http-nio-8081-exec-1 | INFO  | o.a.c.core.ContainerBase.[Tomcat].[localhost].[/] : Initializing Spring DispatcherServlet 'dispatcherServlet'
2020-05-31 19:06:18.996 | http-nio-8081-exec-1 | INFO  | o.a.s.session.mgt.AbstractValidatingSessionManager : Enabling session validation scheduler...
2020-05-31 19:06:19.162 | http-nio-8081-exec-1 | INFO  | com.alibaba.druid.pool.DruidDataSource : {dataSource-2} inited
2020-05-31 19:06:28.687 | Thread-231 | INFO  | com.alibaba.druid.pool.DruidDataSource : {dataSource-2} closing ...
2020-05-31 19:06:28.691 | Thread-231 | INFO  | com.alibaba.druid.pool.DruidDataSource : {dataSource-2} closed
2020-05-31 19:06:29.067 | restartedMain | INFO  | com.hitenine.Twitter01Application : Starting Twitter01Application on Hitenine with PID 3480 (D:\IdeaProjects\twitter01\target\classes started by Hitenine in D:\IdeaProjects\twitter01)
2020-05-31 19:06:29.067 | restartedMain | INFO  | com.hitenine.Twitter01Application : The following profiles are active: dev
2020-05-31 19:07:25.232 | restartedMain | INFO  | com.hitenine.Twitter01Application : Starting Twitter01Application on Hitenine with PID 3480 (D:\IdeaProjects\twitter01\target\classes started by Hitenine in D:\IdeaProjects\twitter01)
2020-05-31 19:07:25.233 | restartedMain | INFO  | com.hitenine.Twitter01Application : The following profiles are active: dev
2020-05-31 19:09:55.790 | restartedMain | INFO  | com.hitenine.Twitter01Application : Starting Twitter01Application on Hitenine with PID 3480 (D:\IdeaProjects\twitter01\target\classes started by Hitenine in D:\IdeaProjects\twitter01)
2020-05-31 19:09:55.791 | restartedMain | INFO  | com.hitenine.Twitter01Application : The following profiles are active: dev
2020-05-31 19:10:45.830 | restartedMain | INFO  | com.hitenine.Twitter01Application : Starting Twitter01Application on Hitenine with PID 18324 (D:\IdeaProjects\twitter01\target\classes started by Hitenine in D:\IdeaProjects\twitter01)
2020-05-31 19:10:45.832 | restartedMain | INFO  | com.hitenine.Twitter01Application : The following profiles are active: dev
2020-05-31 19:10:48.294 | restartedMain | INFO  | org.apache.coyote.http11.Http11NioProtocol : Initializing ProtocolHandler ["http-nio-8081"]
2020-05-31 19:10:48.295 | restartedMain | INFO  | org.apache.catalina.core.StandardService : Starting service [Tomcat]
2020-05-31 19:10:48.295 | restartedMain | INFO  | org.apache.catalina.core.StandardEngine : Starting Servlet engine: [Apache Tomcat/9.0.35]
2020-05-31 19:10:48.390 | restartedMain | INFO  | o.a.c.core.ContainerBase.[Tomcat].[localhost].[/] : Initializing Spring embedded WebApplicationContext
2020-05-31 19:10:48.972 | restartedMain | INFO  | s.d.s.w.PropertySourcedRequestMappingHandlerMapping : Mapped URL path [/v2/api-docs] onto method [springfox.documentation.swagger2.web.Swagger2Controller#getDocumentation(String, HttpServletRequest)]
2020-05-31 19:10:50.709 | restartedMain | INFO  | org.apache.coyote.http11.Http11NioProtocol : Starting ProtocolHandler ["http-nio-8081"]
2020-05-31 19:10:50.728 | restartedMain | INFO  | s.d.s.web.plugins.DocumentationPluginsBootstrapper : Context refreshed
2020-05-31 19:10:50.742 | restartedMain | INFO  | s.d.s.web.plugins.DocumentationPluginsBootstrapper : Found 1 custom documentation plugin(s)
2020-05-31 19:10:50.773 | restartedMain | INFO  | s.d.spring.web.scanners.ApiListingReferenceScanner : Scanning for api listing references
2020-05-31 19:10:50.842 | restartedMain | INFO  | com.hitenine.Twitter01Application : Started Twitter01Application in 5.534 seconds (JVM running for 6.488)
2020-05-31 19:10:54.266 | http-nio-8081-exec-1 | INFO  | o.a.c.core.ContainerBase.[Tomcat].[localhost].[/] : Initializing Spring DispatcherServlet 'dispatcherServlet'
2020-05-31 19:10:54.288 | http-nio-8081-exec-1 | INFO  | o.a.s.session.mgt.AbstractValidatingSessionManager : Enabling session validation scheduler...
2020-05-31 19:11:08.923 | SpringContextShutdownHook | INFO  | com.alibaba.druid.pool.DruidDataSource : {dataSource-0} closing ...
2020-05-31 19:11:11.935 | restartedMain | INFO  | com.hitenine.Twitter01Application : Starting Twitter01Application on Hitenine with PID 8216 (D:\IdeaProjects\twitter01\target\classes started by Hitenine in D:\IdeaProjects\twitter01)
2020-05-31 19:11:11.937 | restartedMain | INFO  | com.hitenine.Twitter01Application : The following profiles are active: dev
2020-05-31 19:11:14.397 | restartedMain | INFO  | org.apache.coyote.http11.Http11NioProtocol : Initializing ProtocolHandler ["http-nio-8080"]
2020-05-31 19:11:14.398 | restartedMain | INFO  | org.apache.catalina.core.StandardService : Starting service [Tomcat]
2020-05-31 19:11:14.398 | restartedMain | INFO  | org.apache.catalina.core.StandardEngine : Starting Servlet engine: [Apache Tomcat/9.0.35]
2020-05-31 19:11:14.498 | restartedMain | INFO  | o.a.c.core.ContainerBase.[Tomcat].[localhost].[/] : Initializing Spring embedded WebApplicationContext
2020-05-31 19:11:15.103 | restartedMain | INFO  | s.d.s.w.PropertySourcedRequestMappingHandlerMapping : Mapped URL path [/v2/api-docs] onto method [springfox.documentation.swagger2.web.Swagger2Controller#getDocumentation(String, HttpServletRequest)]
2020-05-31 19:11:17.879 | restartedMain | INFO  | org.apache.coyote.http11.Http11NioProtocol : Starting ProtocolHandler ["http-nio-8080"]
2020-05-31 19:11:17.893 | restartedMain | INFO  | s.d.s.web.plugins.DocumentationPluginsBootstrapper : Context refreshed
2020-05-31 19:11:17.907 | restartedMain | INFO  | s.d.s.web.plugins.DocumentationPluginsBootstrapper : Found 1 custom documentation plugin(s)
2020-05-31 19:11:17.933 | restartedMain | INFO  | s.d.spring.web.scanners.ApiListingReferenceScanner : Scanning for api listing references
2020-05-31 19:11:17.999 | restartedMain | INFO  | com.hitenine.Twitter01Application : Started Twitter01Application in 6.585 seconds (JVM running for 7.516)
2020-05-31 19:11:23.393 | http-nio-8080-exec-1 | INFO  | o.a.c.core.ContainerBase.[Tomcat].[localhost].[/] : Initializing Spring DispatcherServlet 'dispatcherServlet'
2020-05-31 19:11:23.416 | http-nio-8080-exec-1 | INFO  | o.a.s.session.mgt.AbstractValidatingSessionManager : Enabling session validation scheduler...
2020-05-31 19:13:31.249 | Thread-214 | INFO  | com.alibaba.druid.pool.DruidDataSource : {dataSource-0} closing ...
2020-05-31 19:13:31.481 | restartedMain | INFO  | com.hitenine.Twitter01Application : Starting Twitter01Application on Hitenine with PID 8216 (D:\IdeaProjects\twitter01\target\classes started by Hitenine in D:\IdeaProjects\twitter01)
2020-05-31 19:13:31.481 | restartedMain | INFO  | com.hitenine.Twitter01Application : The following profiles are active: dev
2020-05-31 19:13:32.562 | restartedMain | INFO  | org.apache.coyote.http11.Http11NioProtocol : Initializing ProtocolHandler ["http-nio-8080"]
2020-05-31 19:13:32.563 | restartedMain | INFO  | org.apache.catalina.core.StandardService : Starting service [Tomcat]
2020-05-31 19:13:32.563 | restartedMain | INFO  | org.apache.catalina.core.StandardEngine : Starting Servlet engine: [Apache Tomcat/9.0.35]
2020-05-31 19:13:32.584 | restartedMain | INFO  | o.a.c.core.ContainerBase.[Tomcat].[localhost].[/] : Initializing Spring embedded WebApplicationContext
2020-05-31 19:13:32.702 | restartedMain | INFO  | s.d.s.w.PropertySourcedRequestMappingHandlerMapping : Mapped URL path [/v2/api-docs] onto method [springfox.documentation.swagger2.web.Swagger2Controller#getDocumentation(String, HttpServletRequest)]
2020-05-31 19:13:33.887 | restartedMain | INFO  | org.apache.coyote.http11.Http11NioProtocol : Starting ProtocolHandler ["http-nio-8080"]
2020-05-31 19:13:33.893 | restartedMain | INFO  | s.d.s.web.plugins.DocumentationPluginsBootstrapper : Context refreshed
2020-05-31 19:13:33.894 | restartedMain | INFO  | s.d.s.web.plugins.DocumentationPluginsBootstrapper : Found 1 custom documentation plugin(s)
2020-05-31 19:13:33.898 | restartedMain | INFO  | s.d.spring.web.scanners.ApiListingReferenceScanner : Scanning for api listing references
2020-05-31 19:13:33.904 | restartedMain | INFO  | com.hitenine.Twitter01Application : Started Twitter01Application in 2.48 seconds (JVM running for 143.42)
2020-05-31 19:13:40.728 | http-nio-8080-exec-3 | INFO  | o.a.c.core.ContainerBase.[Tomcat].[localhost].[/] : Initializing Spring DispatcherServlet 'dispatcherServlet'
2020-05-31 19:13:40.739 | http-nio-8080-exec-3 | INFO  | o.a.s.session.mgt.AbstractValidatingSessionManager : Enabling session validation scheduler...
2020-05-31 19:14:52.004 | SpringContextShutdownHook | INFO  | com.alibaba.druid.pool.DruidDataSource : {dataSource-0} closing ...
2020-05-31 19:14:55.071 | restartedMain | INFO  | com.hitenine.Twitter01Application : Starting Twitter01Application on Hitenine with PID 17688 (D:\IdeaProjects\twitter01\target\classes started by Hitenine in D:\IdeaProjects\twitter01)
2020-05-31 19:14:55.073 | restartedMain | INFO  | com.hitenine.Twitter01Application : The following profiles are active: dev
2020-05-31 19:14:57.580 | restartedMain | INFO  | org.apache.coyote.http11.Http11NioProtocol : Initializing ProtocolHandler ["http-nio-8080"]
2020-05-31 19:14:57.581 | restartedMain | INFO  | org.apache.catalina.core.StandardService : Starting service [Tomcat]
2020-05-31 19:14:57.581 | restartedMain | INFO  | org.apache.catalina.core.StandardEngine : Starting Servlet engine: [Apache Tomcat/9.0.35]
2020-05-31 19:14:57.676 | restartedMain | INFO  | o.a.c.core.ContainerBase.[Tomcat].[localhost].[/] : Initializing Spring embedded WebApplicationContext
2020-05-31 19:14:58.271 | restartedMain | INFO  | s.d.s.w.PropertySourcedRequestMappingHandlerMapping : Mapped URL path [/v2/api-docs] onto method [springfox.documentation.swagger2.web.Swagger2Controller#getDocumentation(String, HttpServletRequest)]
2020-05-31 19:15:00.016 | restartedMain | INFO  | org.apache.coyote.http11.Http11NioProtocol : Starting ProtocolHandler ["http-nio-8080"]
2020-05-31 19:15:00.029 | restartedMain | INFO  | s.d.s.web.plugins.DocumentationPluginsBootstrapper : Context refreshed
2020-05-31 19:15:00.042 | restartedMain | INFO  | s.d.s.web.plugins.DocumentationPluginsBootstrapper : Found 1 custom documentation plugin(s)
2020-05-31 19:15:00.067 | restartedMain | INFO  | s.d.spring.web.scanners.ApiListingReferenceScanner : Scanning for api listing references
2020-05-31 19:15:00.159 | restartedMain | INFO  | com.hitenine.Twitter01Application : Started Twitter01Application in 5.667 seconds (JVM running for 6.621)
2020-05-31 19:15:02.070 | http-nio-8080-exec-5 | INFO  | o.a.c.core.ContainerBase.[Tomcat].[localhost].[/] : Initializing Spring DispatcherServlet 'dispatcherServlet'
2020-05-31 19:15:02.091 | http-nio-8080-exec-5 | INFO  | o.a.s.session.mgt.AbstractValidatingSessionManager : Enabling session validation scheduler...
2020-05-31 19:15:02.579 | http-nio-8080-exec-5 | INFO  | com.alibaba.druid.pool.DruidDataSource : {dataSource-1} inited
2020-05-31 19:16:00.945 | Thread-214 | INFO  | com.alibaba.druid.pool.DruidDataSource : {dataSource-1} closing ...
2020-05-31 19:16:00.950 | Thread-214 | INFO  | com.alibaba.druid.pool.DruidDataSource : {dataSource-1} closed
2020-05-31 19:16:01.247 | restartedMain | INFO  | com.hitenine.Twitter01Application : Starting Twitter01Application on Hitenine with PID 17688 (D:\IdeaProjects\twitter01\target\classes started by Hitenine in D:\IdeaProjects\twitter01)
2020-05-31 19:16:01.247 | restartedMain | INFO  | com.hitenine.Twitter01Application : The following profiles are active: dev
2020-05-31 19:16:02.337 | restartedMain | INFO  | org.apache.coyote.http11.Http11NioProtocol : Initializing ProtocolHandler ["http-nio-8080"]
2020-05-31 19:16:02.338 | restartedMain | INFO  | org.apache.catalina.core.StandardService : Starting service [Tomcat]
2020-05-31 19:16:02.338 | restartedMain | INFO  | org.apache.catalina.core.StandardEngine : Starting Servlet engine: [Apache Tomcat/9.0.35]
2020-05-31 19:16:02.365 | restartedMain | INFO  | o.a.c.core.ContainerBase.[Tomcat].[localhost].[/] : Initializing Spring embedded WebApplicationContext
2020-05-31 19:16:02.510 | restartedMain | INFO  | s.d.s.w.PropertySourcedRequestMappingHandlerMapping : Mapped URL path [/v2/api-docs] onto method [springfox.documentation.swagger2.web.Swagger2Controller#getDocumentation(String, HttpServletRequest)]
2020-05-31 19:16:03.661 | restartedMain | INFO  | org.apache.coyote.http11.Http11NioProtocol : Starting ProtocolHandler ["http-nio-8080"]
2020-05-31 19:16:03.664 | restartedMain | INFO  | s.d.s.web.plugins.DocumentationPluginsBootstrapper : Context refreshed
2020-05-31 19:16:03.665 | restartedMain | INFO  | s.d.s.web.plugins.DocumentationPluginsBootstrapper : Found 1 custom documentation plugin(s)
2020-05-31 19:16:03.668 | restartedMain | INFO  | s.d.spring.web.scanners.ApiListingReferenceScanner : Scanning for api listing references
2020-05-31 19:16:03.678 | restartedMain | INFO  | com.hitenine.Twitter01Application : Started Twitter01Application in 2.475 seconds (JVM running for 70.14)
2020-05-31 19:16:08.163 | http-nio-8080-exec-2 | INFO  | o.a.c.core.ContainerBase.[Tomcat].[localhost].[/] : Initializing Spring DispatcherServlet 'dispatcherServlet'
2020-05-31 19:16:08.168 | http-nio-8080-exec-2 | INFO  | o.a.s.session.mgt.AbstractValidatingSessionManager : Enabling session validation scheduler...
2020-05-31 19:16:08.311 | http-nio-8080-exec-2 | INFO  | com.alibaba.druid.pool.DruidDataSource : {dataSource-2} inited
2020-05-31 19:17:50.851 | Thread-227 | INFO  | com.alibaba.druid.pool.DruidDataSource : {dataSource-2} closing ...
2020-05-31 19:17:50.854 | Thread-227 | INFO  | com.alibaba.druid.pool.DruidDataSource : {dataSource-2} closed
2020-05-31 19:17:51.167 | restartedMain | INFO  | com.hitenine.Twitter01Application : Starting Twitter01Application on Hitenine with PID 17688 (D:\IdeaProjects\twitter01\target\classes started by Hitenine in D:\IdeaProjects\twitter01)
2020-05-31 19:17:51.167 | restartedMain | INFO  | com.hitenine.Twitter01Application : The following profiles are active: dev
2020-05-31 19:17:52.054 | restartedMain | INFO  | org.apache.coyote.http11.Http11NioProtocol : Initializing ProtocolHandler ["http-nio-8080"]
2020-05-31 19:17:52.054 | restartedMain | INFO  | org.apache.catalina.core.StandardService : Starting service [Tomcat]
2020-05-31 19:17:52.054 | restartedMain | INFO  | org.apache.catalina.core.StandardEngine : Starting Servlet engine: [Apache Tomcat/9.0.35]
2020-05-31 19:17:52.074 | restartedMain | INFO  | o.a.c.core.ContainerBase.[Tomcat].[localhost].[/] : Initializing Spring embedded WebApplicationContext
2020-05-31 19:17:52.168 | restartedMain | INFO  | s.d.s.w.PropertySourcedRequestMappingHandlerMapping : Mapped URL path [/v2/api-docs] onto method [springfox.documentation.swagger2.web.Swagger2Controller#getDocumentation(String, HttpServletRequest)]
2020-05-31 19:17:54.333 | restartedMain | INFO  | org.apache.coyote.http11.Http11NioProtocol : Starting ProtocolHandler ["http-nio-8080"]
2020-05-31 19:17:54.337 | restartedMain | INFO  | s.d.s.web.plugins.DocumentationPluginsBootstrapper : Context refreshed
2020-05-31 19:17:54.338 | restartedMain | INFO  | s.d.s.web.plugins.DocumentationPluginsBootstrapper : Found 1 custom documentation plugin(s)
2020-05-31 19:17:54.341 | restartedMain | INFO  | s.d.spring.web.scanners.ApiListingReferenceScanner : Scanning for api listing references
2020-05-31 19:17:54.351 | restartedMain | INFO  | com.hitenine.Twitter01Application : Started Twitter01Application in 3.225 seconds (JVM running for 180.814)
2020-05-31 19:17:57.293 | http-nio-8080-exec-3 | INFO  | o.a.c.core.ContainerBase.[Tomcat].[localhost].[/] : Initializing Spring DispatcherServlet 'dispatcherServlet'
2020-05-31 19:17:57.302 | http-nio-8080-exec-3 | INFO  | o.a.s.session.mgt.AbstractValidatingSessionManager : Enabling session validation scheduler...
2020-05-31 19:17:57.445 | http-nio-8080-exec-3 | INFO  | com.alibaba.druid.pool.DruidDataSource : {dataSource-3} inited
2020-05-31 19:18:04.847 | SpringContextShutdownHook | INFO  | com.alibaba.druid.pool.DruidDataSource : {dataSource-3} closing ...
2020-05-31 19:18:04.850 | SpringContextShutdownHook | INFO  | com.alibaba.druid.pool.DruidDataSource : {dataSource-3} closed
2020-05-31 19:18:07.987 | restartedMain | INFO  | com.hitenine.Twitter01Application : Starting Twitter01Application on Hitenine with PID 18148 (D:\IdeaProjects\twitter01\target\classes started by Hitenine in D:\IdeaProjects\twitter01)
2020-05-31 19:18:07.989 | restartedMain | INFO  | com.hitenine.Twitter01Application : The following profiles are active: dev
2020-05-31 19:18:10.477 | restartedMain | INFO  | org.apache.coyote.http11.Http11NioProtocol : Initializing ProtocolHandler ["http-nio-8080"]
2020-05-31 19:18:10.477 | restartedMain | INFO  | org.apache.catalina.core.StandardService : Starting service [Tomcat]
2020-05-31 19:18:10.478 | restartedMain | INFO  | org.apache.catalina.core.StandardEngine : Starting Servlet engine: [Apache Tomcat/9.0.35]
2020-05-31 19:18:10.575 | restartedMain | INFO  | o.a.c.core.ContainerBase.[Tomcat].[localhost].[/] : Initializing Spring embedded WebApplicationContext
2020-05-31 19:18:11.165 | restartedMain | INFO  | s.d.s.w.PropertySourcedRequestMappingHandlerMapping : Mapped URL path [/v2/api-docs] onto method [springfox.documentation.swagger2.web.Swagger2Controller#getDocumentation(String, HttpServletRequest)]
2020-05-31 19:18:13.914 | restartedMain | INFO  | org.apache.coyote.http11.Http11NioProtocol : Starting ProtocolHandler ["http-nio-8080"]
2020-05-31 19:18:13.935 | restartedMain | INFO  | s.d.s.web.plugins.DocumentationPluginsBootstrapper : Context refreshed
2020-05-31 19:18:13.954 | restartedMain | INFO  | s.d.s.web.plugins.DocumentationPluginsBootstrapper : Found 1 custom documentation plugin(s)
2020-05-31 19:18:13.991 | restartedMain | INFO  | s.d.spring.web.scanners.ApiListingReferenceScanner : Scanning for api listing references
2020-05-31 19:18:14.006 | http-nio-8080-exec-2 | INFO  | o.a.c.core.ContainerBase.[Tomcat].[localhost].[/] : Initializing Spring DispatcherServlet 'dispatcherServlet'
2020-05-31 19:18:14.030 | http-nio-8080-exec-2 | INFO  | o.a.s.session.mgt.AbstractValidatingSessionManager : Enabling session validation scheduler...
2020-05-31 19:18:14.228 | restartedMain | INFO  | com.hitenine.Twitter01Application : Started Twitter01Application in 6.815 seconds (JVM running for 7.808)
2020-05-31 19:18:14.546 | http-nio-8080-exec-2 | INFO  | com.alibaba.druid.pool.DruidDataSource : {dataSource-1} inited
2020-05-31 19:18:35.616 | Thread-214 | INFO  | com.alibaba.druid.pool.DruidDataSource : {dataSource-1} closing ...
2020-05-31 19:18:35.621 | Thread-214 | INFO  | com.alibaba.druid.pool.DruidDataSource : {dataSource-1} closed
2020-05-31 19:18:35.856 | restartedMain | INFO  | com.hitenine.Twitter01Application : Starting Twitter01Application on Hitenine with PID 18148 (D:\IdeaProjects\twitter01\target\classes started by Hitenine in D:\IdeaProjects\twitter01)
2020-05-31 19:18:35.856 | restartedMain | INFO  | com.hitenine.Twitter01Application : The following profiles are active: dev
2020-05-31 19:18:36.831 | restartedMain | INFO  | org.apache.coyote.http11.Http11NioProtocol : Initializing ProtocolHandler ["http-nio-8080"]
2020-05-31 19:18:36.832 | restartedMain | INFO  | org.apache.catalina.core.StandardService : Starting service [Tomcat]
2020-05-31 19:18:36.832 | restartedMain | INFO  | org.apache.catalina.core.StandardEngine : Starting Servlet engine: [Apache Tomcat/9.0.35]
2020-05-31 19:18:36.852 | restartedMain | INFO  | o.a.c.core.ContainerBase.[Tomcat].[localhost].[/] : Initializing Spring embedded WebApplicationContext
2020-05-31 19:18:36.958 | restartedMain | INFO  | s.d.s.w.PropertySourcedRequestMappingHandlerMapping : Mapped URL path [/v2/api-docs] onto method [springfox.documentation.swagger2.web.Swagger2Controller#getDocumentation(String, HttpServletRequest)]
2020-05-31 19:18:38.101 | restartedMain | INFO  | org.apache.coyote.http11.Http11NioProtocol : Starting ProtocolHandler ["http-nio-8080"]
2020-05-31 19:18:38.104 | restartedMain | INFO  | s.d.s.web.plugins.DocumentationPluginsBootstrapper : Context refreshed
2020-05-31 19:18:38.104 | restartedMain | INFO  | s.d.s.web.plugins.DocumentationPluginsBootstrapper : Found 1 custom documentation plugin(s)
2020-05-31 19:18:38.108 | restartedMain | INFO  | s.d.spring.web.scanners.ApiListingReferenceScanner : Scanning for api listing references
2020-05-31 19:18:38.117 | restartedMain | INFO  | com.hitenine.Twitter01Application : Started Twitter01Application in 2.31 seconds (JVM running for 31.698)
2020-05-31 19:18:42.742 | Thread-229 | INFO  | com.alibaba.druid.pool.DruidDataSource : {dataSource-0} closing ...
2020-05-31 19:18:43.057 | restartedMain | INFO  | com.hitenine.Twitter01Application : Starting Twitter01Application on Hitenine with PID 18148 (D:\IdeaProjects\twitter01\target\classes started by Hitenine in D:\IdeaProjects\twitter01)
2020-05-31 19:18:43.057 | restartedMain | INFO  | com.hitenine.Twitter01Application : The following profiles are active: dev
2020-05-31 19:18:43.455 | restartedMain | INFO  | org.apache.coyote.http11.Http11NioProtocol : Initializing ProtocolHandler ["http-nio-8080"]
2020-05-31 19:18:43.455 | restartedMain | INFO  | org.apache.catalina.core.StandardService : Starting service [Tomcat]
2020-05-31 19:18:43.455 | restartedMain | INFO  | org.apache.catalina.core.StandardEngine : Starting Servlet engine: [Apache Tomcat/9.0.35]
2020-05-31 19:18:43.478 | restartedMain | INFO  | o.a.c.core.ContainerBase.[Tomcat].[localhost].[/] : Initializing Spring embedded WebApplicationContext
2020-05-31 19:18:43.651 | restartedMain | INFO  | com.alibaba.druid.pool.DruidDataSource : {dataSource-0} closing ...
2020-05-31 19:18:43.652 | restartedMain | INFO  | org.apache.catalina.core.StandardService : Stopping service [Tomcat]
2020-05-31 19:18:45.545 | restartedMain | INFO  | com.hitenine.Twitter01Application : Starting Twitter01Application on Hitenine with PID 18148 (D:\IdeaProjects\twitter01\target\classes started by Hitenine in D:\IdeaProjects\twitter01)
2020-05-31 19:18:45.545 | restartedMain | INFO  | com.hitenine.Twitter01Application : The following profiles are active: dev
2020-05-31 19:18:46.490 | restartedMain | INFO  | org.apache.coyote.http11.Http11NioProtocol : Initializing ProtocolHandler ["http-nio-8080"]
2020-05-31 19:18:46.491 | restartedMain | INFO  | org.apache.catalina.core.StandardService : Starting service [Tomcat]
2020-05-31 19:18:46.491 | restartedMain | INFO  | org.apache.catalina.core.StandardEngine : Starting Servlet engine: [Apache Tomcat/9.0.35]
2020-05-31 19:18:46.511 | restartedMain | INFO  | o.a.c.c.ContainerBase.[Tomcat-1].[localhost].[/] : Initializing Spring embedded WebApplicationContext
2020-05-31 19:18:46.623 | restartedMain | INFO  | s.d.s.w.PropertySourcedRequestMappingHandlerMapping : Mapped URL path [/v2/api-docs] onto method [springfox.documentation.swagger2.web.Swagger2Controller#getDocumentation(String, HttpServletRequest)]
2020-05-31 19:18:48.799 | restartedMain | INFO  | org.apache.coyote.http11.Http11NioProtocol : Starting ProtocolHandler ["http-nio-8080"]
2020-05-31 19:18:48.803 | restartedMain | INFO  | s.d.s.web.plugins.DocumentationPluginsBootstrapper : Context refreshed
2020-05-31 19:18:48.804 | restartedMain | INFO  | s.d.s.web.plugins.DocumentationPluginsBootstrapper : Found 1 custom documentation plugin(s)
2020-05-31 19:18:48.808 | restartedMain | INFO  | s.d.spring.web.scanners.ApiListingReferenceScanner : Scanning for api listing references
2020-05-31 19:18:48.818 | restartedMain | INFO  | com.hitenine.Twitter01Application : Started Twitter01Application in 3.314 seconds (JVM running for 42.399)
2020-05-31 19:18:53.442 | http-nio-8080-exec-2 | INFO  | o.a.c.c.ContainerBase.[Tomcat-1].[localhost].[/] : Initializing Spring DispatcherServlet 'dispatcherServlet'
2020-05-31 19:18:53.448 | http-nio-8080-exec-2 | INFO  | o.a.s.session.mgt.AbstractValidatingSessionManager : Enabling session validation scheduler...
2020-05-31 19:18:53.601 | http-nio-8080-exec-2 | INFO  | com.alibaba.druid.pool.DruidDataSource : {dataSource-2} inited
2020-05-31 19:24:04.088 | Thread-436 | INFO  | com.alibaba.druid.pool.DruidDataSource : {dataSource-2} closing ...
2020-05-31 19:24:04.092 | Thread-436 | INFO  | com.alibaba.druid.pool.DruidDataSource : {dataSource-2} closed
2020-05-31 19:24:04.395 | restartedMain | INFO  | com.hitenine.Twitter01Application : Starting Twitter01Application on Hitenine with PID 18148 (D:\IdeaProjects\twitter01\target\classes started by Hitenine in D:\IdeaProjects\twitter01)
2020-05-31 19:24:04.395 | restartedMain | INFO  | com.hitenine.Twitter01Application : The following profiles are active: dev
2020-05-31 19:24:06.283 | restartedMain | INFO  | com.hitenine.Twitter01Application : Starting Twitter01Application on Hitenine with PID 18148 (D:\IdeaProjects\twitter01\target\classes started by Hitenine in D:\IdeaProjects\twitter01)
2020-05-31 19:24:06.283 | restartedMain | INFO  | com.hitenine.Twitter01Application : The following profiles are active: dev
2020-05-31 19:24:07.615 | restartedMain | INFO  | org.apache.coyote.http11.Http11NioProtocol : Initializing ProtocolHandler ["http-nio-8080"]
2020-05-31 19:24:07.616 | restartedMain | INFO  | org.apache.catalina.core.StandardService : Starting service [Tomcat]
2020-05-31 19:24:07.616 | restartedMain | INFO  | org.apache.catalina.core.StandardEngine : Starting Servlet engine: [Apache Tomcat/9.0.35]
2020-05-31 19:24:07.638 | restartedMain | INFO  | o.a.c.c.ContainerBase.[Tomcat-1].[localhost].[/] : Initializing Spring embedded WebApplicationContext
2020-05-31 19:24:07.787 | restartedMain | INFO  | s.d.s.w.PropertySourcedRequestMappingHandlerMapping : Mapped URL path [/v2/api-docs] onto method [springfox.documentation.swagger2.web.Swagger2Controller#getDocumentation(String, HttpServletRequest)]
2020-05-31 19:24:09.968 | restartedMain | INFO  | org.apache.coyote.http11.Http11NioProtocol : Starting ProtocolHandler ["http-nio-8080"]
2020-05-31 19:24:09.971 | restartedMain | INFO  | s.d.s.web.plugins.DocumentationPluginsBootstrapper : Context refreshed
2020-05-31 19:24:09.972 | restartedMain | INFO  | s.d.s.web.plugins.DocumentationPluginsBootstrapper : Found 1 custom documentation plugin(s)
2020-05-31 19:24:09.975 | restartedMain | INFO  | s.d.spring.web.scanners.ApiListingReferenceScanner : Scanning for api listing references
2020-05-31 19:24:09.985 | restartedMain | INFO  | com.hitenine.Twitter01Application : Started Twitter01Application in 3.731 seconds (JVM running for 363.566)
2020-05-31 20:18:14.032 | SessionValidationThread-1 | INFO  | o.a.s.session.mgt.AbstractValidatingSessionManager : Validating all active sessions...
2020-05-31 20:18:14.034 | SessionValidationThread-1 | INFO  | o.a.s.session.mgt.AbstractValidatingSessionManager : Finished session validation.  No sessions were stopped.
2020-05-31 20:18:53.449 | SessionValidationThread-1 | INFO  | o.a.s.session.mgt.AbstractValidatingSessionManager : Validating all active sessions...
2020-05-31 20:18:53.449 | SessionValidationThread-1 | INFO  | o.a.s.session.mgt.AbstractValidatingSessionManager : Finished session validation.  No sessions were stopped.
2020-05-31 20:31:10.105 | main | INFO  | com.hitenine.Twitter01ApplicationTests : Starting Twitter01ApplicationTests on Hitenine with PID 1884 (started by Hitenine in D:\IdeaProjects\twitter01)
2020-05-31 20:31:10.106 | main | INFO  | com.hitenine.Twitter01ApplicationTests : The following profiles are active: dev
2020-05-31 20:31:14.498 | main | INFO  | s.d.s.w.PropertySourcedRequestMappingHandlerMapping : Mapped URL path [/v2/api-docs] onto method [springfox.documentation.swagger2.web.Swagger2Controller#getDocumentation(String, HttpServletRequest)]
2020-05-31 20:31:16.968 | main | INFO  | s.d.s.web.plugins.DocumentationPluginsBootstrapper : Context refreshed
2020-05-31 20:31:16.996 | main | INFO  | s.d.s.web.plugins.DocumentationPluginsBootstrapper : Found 1 custom documentation plugin(s)
2020-05-31 20:31:17.025 | main | INFO  | s.d.spring.web.scanners.ApiListingReferenceScanner : Scanning for api listing references
2020-05-31 20:31:17.133 | main | INFO  | com.hitenine.Twitter01ApplicationTests : Started Twitter01ApplicationTests in 7.396 seconds (JVM running for 8.511)
2020-05-31 20:31:17.369 | SpringContextShutdownHook | INFO  | com.alibaba.druid.pool.DruidDataSource : {dataSource-0} closing ...
2020-05-31 20:40:06.665 | Thread-850 | INFO  | com.alibaba.druid.pool.DruidDataSource : {dataSource-0} closing ...
2020-05-31 20:40:06.990 | restartedMain | INFO  | com.hitenine.Twitter01Application : Starting Twitter01Application on Hitenine with PID 18148 (D:\IdeaProjects\twitter01\target\classes started by Hitenine in D:\IdeaProjects\twitter01)
2020-05-31 20:40:06.990 | restartedMain | INFO  | com.hitenine.Twitter01Application : The following profiles are active: dev
2020-05-31 20:40:09.032 | restartedMain | INFO  | com.hitenine.Twitter01Application : Starting Twitter01Application on Hitenine with PID 18148 (D:\IdeaProjects\twitter01\target\classes started by Hitenine in D:\IdeaProjects\twitter01)
2020-05-31 20:40:09.033 | restartedMain | INFO  | com.hitenine.Twitter01Application : The following profiles are active: dev
2020-05-31 20:40:09.842 | restartedMain | INFO  | org.apache.coyote.http11.Http11NioProtocol : Initializing ProtocolHandler ["http-nio-8080"]
2020-05-31 20:40:09.842 | restartedMain | INFO  | org.apache.catalina.core.StandardService : Starting service [Tomcat]
2020-05-31 20:40:09.842 | restartedMain | INFO  | org.apache.catalina.core.StandardEngine : Starting Servlet engine: [Apache Tomcat/9.0.35]
2020-05-31 20:40:09.863 | restartedMain | INFO  | o.a.c.c.ContainerBase.[Tomcat-1].[localhost].[/] : Initializing Spring embedded WebApplicationContext
2020-05-31 20:40:09.973 | restartedMain | INFO  | s.d.s.w.PropertySourcedRequestMappingHandlerMapping : Mapped URL path [/v2/api-docs] onto method [springfox.documentation.swagger2.web.Swagger2Controller#getDocumentation(String, HttpServletRequest)]
2020-05-31 20:40:12.149 | restartedMain | INFO  | org.apache.coyote.http11.Http11NioProtocol : Starting ProtocolHandler ["http-nio-8080"]
2020-05-31 20:40:12.152 | restartedMain | INFO  | s.d.s.web.plugins.DocumentationPluginsBootstrapper : Context refreshed
2020-05-31 20:40:12.153 | restartedMain | INFO  | s.d.s.web.plugins.DocumentationPluginsBootstrapper : Found 1 custom documentation plugin(s)
2020-05-31 20:40:12.157 | restartedMain | INFO  | s.d.spring.web.scanners.ApiListingReferenceScanner : Scanning for api listing references
2020-05-31 20:40:12.174 | restartedMain | INFO  | com.hitenine.Twitter01Application : Started Twitter01Application in 3.184 seconds (JVM running for 4925.755)
2020-05-31 20:40:12.969 | http-nio-8080-exec-2 | INFO  | o.a.c.c.ContainerBase.[Tomcat-1].[localhost].[/] : Initializing Spring DispatcherServlet 'dispatcherServlet'
2020-05-31 20:40:12.975 | http-nio-8080-exec-2 | INFO  | o.a.s.session.mgt.AbstractValidatingSessionManager : Enabling session validation scheduler...
2020-05-31 20:40:13.122 | http-nio-8080-exec-2 | INFO  | com.alibaba.druid.pool.DruidDataSource : {dataSource-3} inited
2020-05-31 20:40:34.876 | Thread-1262 | INFO  | com.alibaba.druid.pool.DruidDataSource : {dataSource-3} closing ...
2020-05-31 20:40:34.880 | Thread-1262 | INFO  | com.alibaba.druid.pool.DruidDataSource : {dataSource-3} closed
2020-05-31 20:40:35.229 | restartedMain | INFO  | com.hitenine.Twitter01Application : Starting Twitter01Application on Hitenine with PID 18148 (D:\IdeaProjects\twitter01\target\classes started by Hitenine in D:\IdeaProjects\twitter01)
2020-05-31 20:40:35.229 | restartedMain | INFO  | com.hitenine.Twitter01Application : The following profiles are active: dev
2020-05-31 20:40:36.086 | restartedMain | INFO  | org.apache.coyote.http11.Http11NioProtocol : Initializing ProtocolHandler ["http-nio-8080"]
2020-05-31 20:40:36.086 | restartedMain | INFO  | org.apache.catalina.core.StandardService : Starting service [Tomcat]
2020-05-31 20:40:36.086 | restartedMain | INFO  | org.apache.catalina.core.StandardEngine : Starting Servlet engine: [Apache Tomcat/9.0.35]
2020-05-31 20:40:36.109 | restartedMain | INFO  | o.a.c.c.ContainerBase.[Tomcat-1].[localhost].[/] : Initializing Spring embedded WebApplicationContext
2020-05-31 20:40:36.219 | restartedMain | INFO  | s.d.s.w.PropertySourcedRequestMappingHandlerMapping : Mapped URL path [/v2/api-docs] onto method [springfox.documentation.swagger2.web.Swagger2Controller#getDocumentation(String, HttpServletRequest)]
2020-05-31 20:40:37.396 | restartedMain | INFO  | org.apache.coyote.http11.Http11NioProtocol : Starting ProtocolHandler ["http-nio-8080"]
2020-05-31 20:40:37.399 | restartedMain | INFO  | s.d.s.web.plugins.DocumentationPluginsBootstrapper : Context refreshed
2020-05-31 20:40:37.400 | restartedMain | INFO  | s.d.s.web.plugins.DocumentationPluginsBootstrapper : Found 1 custom documentation plugin(s)
2020-05-31 20:40:37.405 | restartedMain | INFO  | s.d.spring.web.scanners.ApiListingReferenceScanner : Scanning for api listing references
2020-05-31 20:40:37.420 | restartedMain | INFO  | com.hitenine.Twitter01Application : Started Twitter01Application in 2.228 seconds (JVM running for 4951.001)
2020-05-31 20:41:00.137 | http-nio-8080-exec-3 | INFO  | o.a.c.c.ContainerBase.[Tomcat-1].[localhost].[/] : Initializing Spring DispatcherServlet 'dispatcherServlet'
2020-05-31 20:41:00.143 | http-nio-8080-exec-3 | INFO  | o.a.s.session.mgt.AbstractValidatingSessionManager : Enabling session validation scheduler...
2020-05-31 20:41:00.292 | http-nio-8080-exec-3 | INFO  | com.alibaba.druid.pool.DruidDataSource : {dataSource-4} inited
2020-05-31 20:43:35.014 | Thread-1675 | INFO  | com.alibaba.druid.pool.DruidDataSource : {dataSource-4} closing ...
2020-05-31 20:43:35.019 | Thread-1675 | INFO  | com.alibaba.druid.pool.DruidDataSource : {dataSource-4} closed
2020-05-31 20:43:35.259 | restartedMain | INFO  | com.hitenine.Twitter01Application : Starting Twitter01Application on Hitenine with PID 18148 (D:\IdeaProjects\twitter01\target\classes started by Hitenine in D:\IdeaProjects\twitter01)
2020-05-31 20:43:35.259 | restartedMain | INFO  | com.hitenine.Twitter01Application : The following profiles are active: dev
2020-05-31 20:43:36.127 | restartedMain | INFO  | org.apache.coyote.http11.Http11NioProtocol : Initializing ProtocolHandler ["http-nio-8080"]
2020-05-31 20:43:36.128 | restartedMain | INFO  | org.apache.catalina.core.StandardService : Starting service [Tomcat]
2020-05-31 20:43:36.128 | restartedMain | INFO  | org.apache.catalina.core.StandardEngine : Starting Servlet engine: [Apache Tomcat/9.0.35]
2020-05-31 20:43:36.148 | restartedMain | INFO  | o.a.c.c.ContainerBase.[Tomcat-1].[localhost].[/] : Initializing Spring embedded WebApplicationContext
2020-05-31 20:43:36.245 | restartedMain | INFO  | s.d.s.w.PropertySourcedRequestMappingHandlerMapping : Mapped URL path [/v2/api-docs] onto method [springfox.documentation.swagger2.web.Swagger2Controller#getDocumentation(String, HttpServletRequest)]
2020-05-31 20:43:38.413 | restartedMain | INFO  | org.apache.coyote.http11.Http11NioProtocol : Starting ProtocolHandler ["http-nio-8080"]
2020-05-31 20:43:38.418 | restartedMain | INFO  | s.d.s.web.plugins.DocumentationPluginsBootstrapper : Context refreshed
2020-05-31 20:43:38.418 | restartedMain | INFO  | s.d.s.web.plugins.DocumentationPluginsBootstrapper : Found 1 custom documentation plugin(s)
2020-05-31 20:43:38.422 | restartedMain | INFO  | s.d.spring.web.scanners.ApiListingReferenceScanner : Scanning for api listing references
2020-05-31 20:43:38.434 | restartedMain | INFO  | com.hitenine.Twitter01Application : Started Twitter01Application in 3.218 seconds (JVM running for 5132.015)
2020-05-31 20:43:38.585 | http-nio-8080-exec-1 | INFO  | o.a.c.c.ContainerBase.[Tomcat-1].[localhost].[/] : Initializing Spring DispatcherServlet 'dispatcherServlet'
2020-05-31 20:43:38.589 | http-nio-8080-exec-1 | INFO  | o.a.s.session.mgt.AbstractValidatingSessionManager : Enabling session validation scheduler...
2020-05-31 20:43:38.726 | http-nio-8080-exec-1 | INFO  | com.alibaba.druid.pool.DruidDataSource : {dataSource-5} inited
2020-05-31 21:18:14.033 | SessionValidationThread-1 | INFO  | o.a.s.session.mgt.AbstractValidatingSessionManager : Validating all active sessions...
2020-05-31 21:18:14.036 | SessionValidationThread-1 | INFO  | o.a.s.session.mgt.AbstractValidatingSessionManager : Finished session validation.  No sessions were stopped.
2020-05-31 21:18:53.451 | SessionValidationThread-1 | INFO  | o.a.s.session.mgt.AbstractValidatingSessionManager : Validating all active sessions...
2020-05-31 21:18:53.451 | SessionValidationThread-1 | INFO  | o.a.s.session.mgt.AbstractValidatingSessionManager : Finished session validation.  No sessions were stopped.
2020-05-31 21:40:12.977 | SessionValidationThread-1 | INFO  | o.a.s.session.mgt.AbstractValidatingSessionManager : Validating all active sessions...
2020-05-31 21:40:12.977 | SessionValidationThread-1 | INFO  | o.a.s.session.mgt.AbstractValidatingSessionManager : Finished session validation.  No sessions were stopped.
2020-05-31 21:41:00.145 | SessionValidationThread-1 | INFO  | o.a.s.session.mgt.AbstractValidatingSessionManager : Validating all active sessions...
2020-05-31 21:41:00.145 | SessionValidationThread-1 | INFO  | o.a.s.session.mgt.AbstractValidatingSessionManager : Finished session validation.  No sessions were stopped.
2020-05-31 21:43:38.591 | SessionValidationThread-1 | INFO  | o.a.s.session.mgt.AbstractValidatingSessionManager : Validating all active sessions...
2020-05-31 21:43:38.591 | SessionValidationThread-1 | INFO  | o.a.s.session.mgt.AbstractValidatingSessionManager : Finished session validation.  No sessions were stopped.
2020-05-31 22:18:14.032 | SessionValidationThread-1 | INFO  | o.a.s.session.mgt.AbstractValidatingSessionManager : Validating all active sessions...
2020-05-31 22:18:14.032 | SessionValidationThread-1 | INFO  | o.a.s.session.mgt.AbstractValidatingSessionManager : Finished session validation.  No sessions were stopped.
2020-05-31 22:18:53.450 | SessionValidationThread-1 | INFO  | o.a.s.session.mgt.AbstractValidatingSessionManager : Validating all active sessions...
2020-05-31 22:18:53.450 | SessionValidationThread-1 | INFO  | o.a.s.session.mgt.AbstractValidatingSessionManager : Finished session validation.  No sessions were stopped.
2020-05-31 22:40:12.976 | SessionValidationThread-1 | INFO  | o.a.s.session.mgt.AbstractValidatingSessionManager : Validating all active sessions...
2020-05-31 22:40:12.976 | SessionValidationThread-1 | INFO  | o.a.s.session.mgt.AbstractValidatingSessionManager : Finished session validation.  No sessions were stopped.
2020-05-31 22:41:00.144 | SessionValidationThread-1 | INFO  | o.a.s.session.mgt.AbstractValidatingSessionManager : Validating all active sessions...
2020-05-31 22:41:00.144 | SessionValidationThread-1 | INFO  | o.a.s.session.mgt.AbstractValidatingSessionManager : Finished session validation.  No sessions were stopped.
2020-05-31 22:43:38.590 | SessionValidationThread-1 | INFO  | o.a.s.session.mgt.AbstractValidatingSessionManager : Validating all active sessions...
2020-05-31 22:43:38.590 | SessionValidationThread-1 | INFO  | o.a.s.session.mgt.AbstractValidatingSessionManager : Finished session validation.  No sessions were stopped.
2020-05-31 23:04:16.887 | SpringContextShutdownHook | INFO  | com.alibaba.druid.pool.DruidDataSource : {dataSource-5} closing ...
2020-05-31 23:04:16.899 | SpringContextShutdownHook | INFO  | com.alibaba.druid.pool.DruidDataSource : {dataSource-5} closed
